==============================================================================
O IP 127.0.0.1 se cadastro com os seguintes dados.

Nome de usuário: testar
Senha: novato
E-mail: nookasf@hot.com
Registrado em: 14/11/2012, 11:14:12
==============================================================================

==============================================================================
O IP 127.0.0.1 se cadastro com os seguintes dados.

Nome de usuário: kfeast
Senha: tribalwars
E-mail: kevin.kfs@live.com
Registrado em: 14/11/2012, 11:32:41
==============================================================================

==============================================================================
O IP 127.0.0.1 se cadastro com os seguintes dados.

Nome de usuário: LanServers.tk
Senha: lanservers
E-mail: Forum@hot.com
Registrado em: 14/11/2012, 12:06:19
==============================================================================

==============================================================================
O IP 127.0.0.1 se cadastro com os seguintes dados.

Nome de usuário: ice41
Senha: voropi4141
E-mail: edu.ice7@gmail.com
Registrado em: 22/12/2016, 21:33:05
==============================================================================

==============================================================================
O IP 178.166.127.56 se cadastro com os seguintes dados.

Nome de usuário: RealDick
Senha: 1q2w3e
E-mail: kelelawar1@gmail.com
Registrado em: 07/08/2019, 17:10:47
==============================================================================

