==============================================================================
O IP 127.0.0.1 logou-se com os seguintes dados.

Nome de usuário: testar
Senha: novato
Data do acesso: 14/11/2012, 11:14:17
==============================================================================

==============================================================================
O IP 127.0.0.1 logou-se com os seguintes dados.

Nome de usuário: testar
Senha: novato
Data do acesso: 14/11/2012, 11:30:58
==============================================================================

==============================================================================
O IP 127.0.0.1 logou-se com os seguintes dados.

Nome de usuário: kfeast
Senha: tribalwars
Data do acesso: 14/11/2012, 11:32:46
==============================================================================

==============================================================================
O IP 127.0.0.1 logou-se com os seguintes dados.

Nome de usuário: kfeast
Senha: tribalwars
Data do acesso: 14/11/2012, 12:12:01
==============================================================================

==============================================================================
O IP 127.0.0.1 logou-se com os seguintes dados.

Nome de usuário: ice41
Senha: voropi4141
Data do acesso: 22/12/2016, 21:33:12
==============================================================================

==============================================================================
O IP 127.0.0.1 logou-se com os seguintes dados.

Nome de usuário: ice41
Senha: voropi4141
Data do acesso: 24/08/2018, 00:47:42
==============================================================================

==============================================================================
O IP 127.0.0.1 logou-se com os seguintes dados.

Nome de usuário: ice41
Senha: voropi4141
Data do acesso: 26/08/2018, 18:49:00
==============================================================================

==============================================================================
O IP 127.0.0.1 logou-se com os seguintes dados.

Nome de usuário: ice41
Senha: voropi4141
Data do acesso: 03/08/2019, 13:51:09
==============================================================================

==============================================================================
O IP 127.0.0.1 logou-se com os seguintes dados.

Nome de usuário: ice41
Senha: voropi4141
Data do acesso: 04/08/2019, 00:28:28
==============================================================================

==============================================================================
O IP 127.0.0.1 logou-se com os seguintes dados.

Nome de usuário: ice41
Senha: voropi4141
Data do acesso: 07/08/2019, 17:10:17
==============================================================================

==============================================================================
O IP 178.166.127.56 logou-se com os seguintes dados.

Nome de usuário: RealDick
Senha: 1q2w3e
Data do acesso: 07/08/2019, 17:10:51
==============================================================================

==============================================================================
O IP 127.0.0.1 logou-se com os seguintes dados.

Nome de usuário: ice41
Senha: voropi4141
Data do acesso: 26/11/2022, 16:30:54
==============================================================================

==============================================================================
O IP 127.0.0.1 logou-se com os seguintes dados.

Nome de usuário: ice41
Senha: voropi4141
Data do acesso: 26/11/2022, 16:33:30
==============================================================================

==============================================================================
O IP 127.0.0.1 logou-se com os seguintes dados.

Nome de usuário: ice41
Senha: voropi4141
Data do acesso: 30/12/2023, 23:02:19
==============================================================================

==============================================================================
O IP 127.0.0.1 logou-se com os seguintes dados.

Nome de usuário: ice41
Senha: voropi4141
Data do acesso: 30/12/2023, 23:02:49
==============================================================================

